#
# There is insufficient memory for the Java Runtime Environment to continue.
# Native memory allocation (malloc) failed to allocate 868336 bytes. Error detail: Chunk::new
# Possible reasons:
#   The system is out of physical RAM or swap space
#   This process is running with CompressedOops enabled, and the Java Heap may be blocking the growth of the native heap
# Possible solutions:
#   Reduce memory load on the system
#   Increase physical memory or swap space
#   Check if swap backing store is full
#   Decrease Java heap size (-Xmx/-Xms)
#   Decrease number of Java threads
#   Decrease Java thread stack sizes (-Xss)
#   Set larger code cache with -XX:ReservedCodeCacheSize=
#   JVM is running with Unscaled Compressed Oops mode in which the Java heap is
#     placed in the first 4GB address space. The Java Heap base address is the
#     maximum limit for the native heap growth. Please use -XX:HeapBaseMinAddress
#     to set the Java Heap base and to place the Java Heap above 4GB virtual address.
# This output file may be truncated or incomplete.
#
#  Out of Memory Error (arena.cpp:168), pid=10892, tid=11464
#
# JRE version: OpenJDK Runtime Environment (21.0.6) (build 21.0.6+-13355223-b631.42)
# Java VM: OpenJDK 64-Bit Server VM (21.0.6+-13355223-b631.42, mixed mode, tiered, compressed oops, compressed class ptrs, g1 gc, windows-amd64)
# No core dump will be written. Minidumps are not enabled by default on client versions of Windows
#

---------------  S U M M A R Y ------------

Command Line: git4idea.http.GitAskPassApp Username for 'https://github.com': 

Host: AMD Ryzen 3 5300U with Radeon Graphics         , 8 cores, 5G,  Windows 10 , 64 bit Build 19041 (10.0.19041.5794)
Time: Tue Apr 29 11:17:59 2025  Windows 10 , 64 bit Build 19041 (10.0.19041.5794) elapsed time: 0.594016 seconds (0d 0h 0m 0s)

---------------  T H R E A D  ---------------

Current thread (0x0000019245826100):  JavaThread "C2 CompilerThread2" daemon [_thread_in_native, id=11464, stack(0x0000007e75800000,0x0000007e75900000) (1024K)]


Current CompileTask:
C2:594 1087       4       sun.security.ec.ECOperations::setDouble (463 bytes)

Stack: [0x0000007e75800000,0x0000007e75900000]
Native frames: (J=compiled Java code, j=interpreted, Vv=VM code, C=native code)
V  [jvm.dll+0x6d05a9]
V  [jvm.dll+0x85ea73]
V  [jvm.dll+0x860fce]
V  [jvm.dll+0x8616b3]
V  [jvm.dll+0x27e6e6]
V  [jvm.dll+0xbff6d]
V  [jvm.dll+0xc04a3]
V  [jvm.dll+0x2f2780]
V  [jvm.dll+0x5fa379]
V  [jvm.dll+0x250d92]
V  [jvm.dll+0x25114f]
V  [jvm.dll+0x2498f5]
V  [jvm.dll+0x24714e]
V  [jvm.dll+0x1c5f04]
V  [jvm.dll+0x2569ac]
V  [jvm.dll+0x254ef6]
V  [jvm.dll+0x3f0e56]
V  [jvm.dll+0x806e48]
V  [jvm.dll+0x6cee7d]
C  [ucrtbase.dll+0x21bb2]
C  [KERNEL32.DLL+0x17374]
C  [ntdll.dll+0x4cc91]


---------------  P R O C E S S  ---------------

Threads class SMR info:
_java_thread_list=0x0000019245748c70, length=16, elements={
0x0000019227c5e910, 0x0000019245036420, 0x0000019245037230, 0x00000192450161d0,
0x0000019245016c20, 0x000001924501f6a0, 0x00000192450200f0, 0x0000019245020e70,
0x0000019245023910, 0x00000192451dd710, 0x00000192451e51a0, 0x00000192456a7670,
0x0000019245763430, 0x0000019245751c10, 0x00000192457cd170, 0x0000019245826100
}

Java Threads: ( => current thread )
  0x0000019227c5e910 JavaThread "main"                              [_thread_blocked, id=11868, stack(0x0000007e74100000,0x0000007e74200000) (1024K)]
  0x0000019245036420 JavaThread "Reference Handler"          daemon [_thread_blocked, id=11160, stack(0x0000007e74900000,0x0000007e74a00000) (1024K)]
  0x0000019245037230 JavaThread "Finalizer"                  daemon [_thread_blocked, id=9580, stack(0x0000007e74a00000,0x0000007e74b00000) (1024K)]
  0x00000192450161d0 JavaThread "Signal Dispatcher"          daemon [_thread_blocked, id=4160, stack(0x0000007e74b00000,0x0000007e74c00000) (1024K)]
  0x0000019245016c20 JavaThread "Attach Listener"            daemon [_thread_blocked, id=8724, stack(0x0000007e74c00000,0x0000007e74d00000) (1024K)]
  0x000001924501f6a0 JavaThread "Service Thread"             daemon [_thread_blocked, id=4772, stack(0x0000007e74d00000,0x0000007e74e00000) (1024K)]
  0x00000192450200f0 JavaThread "Monitor Deflation Thread"   daemon [_thread_blocked, id=10784, stack(0x0000007e74e00000,0x0000007e74f00000) (1024K)]
  0x0000019245020e70 JavaThread "C2 CompilerThread0"         daemon [_thread_blocked, id=11412, stack(0x0000007e74f00000,0x0000007e75000000) (1024K)]
  0x0000019245023910 JavaThread "C1 CompilerThread0"         daemon [_thread_blocked, id=4620, stack(0x0000007e75000000,0x0000007e75100000) (1024K)]
  0x00000192451dd710 JavaThread "Notification Thread"        daemon [_thread_blocked, id=7096, stack(0x0000007e75100000,0x0000007e75200000) (1024K)]
  0x00000192451e51a0 JavaThread "Common-Cleaner"             daemon [_thread_blocked, id=12640, stack(0x0000007e75200000,0x0000007e75300000) (1024K)]
  0x00000192456a7670 JavaThread "HttpClient-1-SelectorManager" daemon [_thread_in_native, id=10444, stack(0x0000007e75300000,0x0000007e75400000) (1024K)]
  0x0000019245763430 JavaThread "HttpClient-1-Worker-0"      daemon [_thread_blocked, id=11072, stack(0x0000007e75500000,0x0000007e75600000) (1024K)]
  0x0000019245751c10 JavaThread "HttpClient-1-Worker-1"      daemon [_thread_blocked, id=3280, stack(0x0000007e75600000,0x0000007e75700000) (1024K)]
  0x00000192457cd170 JavaThread "C2 CompilerThread1"         daemon [_thread_blocked, id=13064, stack(0x0000007e75700000,0x0000007e75800000) (1024K)]
=>0x0000019245826100 JavaThread "C2 CompilerThread2"         daemon [_thread_in_native, id=11464, stack(0x0000007e75800000,0x0000007e75900000) (1024K)]
Total: 16

Other Threads:
  0x0000019240c6a1d0 VMThread "VM Thread"                           [id=12360, stack(0x0000007e74800000,0x0000007e74900000) (1024K)]
  0x0000019240bd53b0 WatcherThread "VM Periodic Task Thread"        [id=816, stack(0x0000007e74700000,0x0000007e74800000) (1024K)]
  0x000001922a0549e0 WorkerThread "GC Thread#0"                     [id=3492, stack(0x0000007e74200000,0x0000007e74300000) (1024K)]
  0x000001922a061600 ConcurrentGCThread "G1 Main Marker"            [id=8032, stack(0x0000007e74300000,0x0000007e74400000) (1024K)]
  0x000001922a0627b0 WorkerThread "G1 Conc#0"                       [id=5204, stack(0x0000007e74400000,0x0000007e74500000) (1024K)]
  0x0000019240ab0090 ConcurrentGCThread "G1 Refine#0"               [id=11840, stack(0x0000007e74500000,0x0000007e74600000) (1024K)]
  0x0000019240ab0b10 ConcurrentGCThread "G1 Service"                [id=5576, stack(0x0000007e74600000,0x0000007e74700000) (1024K)]
Total: 7

Threads with active compile tasks:
C2 CompilerThread2  621 1087       4       sun.security.ec.ECOperations::setDouble (463 bytes)
Total: 1

VM state: not at safepoint (normal execution)

VM Mutex/Monitor currently owned by a thread: None

Heap address: 0x00000000a2200000, size: 1502 MB, Compressed Oops mode: 32-bit

CDS archive(s) not mapped
Compressed class space mapped at: 0x0000000100000000-0x0000000140000000, reserved size: 1073741824
Narrow klass base: 0x0000000000000000, Narrow klass shift: 3, Narrow klass range: 0x140000000

GC Precious Log:
 CardTable entry size: 512
 Card Set container configuration: InlinePtr #cards 5 size 8 Array Of Cards #cards 12 size 40 Howl #buckets 4 coarsen threshold 1843 Howl Bitmap #cards 512 size 80 coarsen threshold 460 Card regions per heap region 1 cards per card region 2048
 CPUs: 8 total, 8 available
 Memory: 6005M
 Large Page Support: Disabled
 NUMA Support: Disabled
 Compressed Oops: Enabled (32-bit)
 Heap Region Size: 1M
 Heap Min Capacity: 8M
 Heap Initial Capacity: 94M
 Heap Max Capacity: 1502M
 Pre-touch: Disabled
 Parallel Workers: 8
 Concurrent Workers: 2
 Concurrent Refinement Workers: 8
 Periodic GC: Disabled

Heap:
 garbage-first heap   total 96256K, used 12288K [0x00000000a2200000, 0x0000000100000000)
  region size 1024K, 13 young (13312K), 0 survivors (0K)
 Metaspace       used 15755K, committed 16000K, reserved 1114112K
  class space    used 1652K, committed 1728K, reserved 1048576K

Heap Regions: E=young(eden), S=young(survivor), O=old, HS=humongous(starts), HC=humongous(continues), CS=collection set, F=free, TAMS=top-at-mark-start, PB=parsable bottom
|   0|0x00000000a2200000, 0x00000000a2200000, 0x00000000a2300000|  0%| F|  |TAMS 0x00000000a2200000| PB 0x00000000a2200000| Untracked 
|   1|0x00000000a2300000, 0x00000000a2300000, 0x00000000a2400000|  0%| F|  |TAMS 0x00000000a2300000| PB 0x00000000a2300000| Untracked 
|   2|0x00000000a2400000, 0x00000000a2400000, 0x00000000a2500000|  0%| F|  |TAMS 0x00000000a2400000| PB 0x00000000a2400000| Untracked 
|   3|0x00000000a2500000, 0x00000000a2500000, 0x00000000a2600000|  0%| F|  |TAMS 0x00000000a2500000| PB 0x00000000a2500000| Untracked 
|   4|0x00000000a2600000, 0x00000000a2600000, 0x00000000a2700000|  0%| F|  |TAMS 0x00000000a2600000| PB 0x00000000a2600000| Untracked 
|   5|0x00000000a2700000, 0x00000000a2700000, 0x00000000a2800000|  0%| F|  |TAMS 0x00000000a2700000| PB 0x00000000a2700000| Untracked 
|   6|0x00000000a2800000, 0x00000000a2800000, 0x00000000a2900000|  0%| F|  |TAMS 0x00000000a2800000| PB 0x00000000a2800000| Untracked 
|   7|0x00000000a2900000, 0x00000000a2900000, 0x00000000a2a00000|  0%| F|  |TAMS 0x00000000a2900000| PB 0x00000000a2900000| Untracked 
|   8|0x00000000a2a00000, 0x00000000a2a00000, 0x00000000a2b00000|  0%| F|  |TAMS 0x00000000a2a00000| PB 0x00000000a2a00000| Untracked 
|   9|0x00000000a2b00000, 0x00000000a2b00000, 0x00000000a2c00000|  0%| F|  |TAMS 0x00000000a2b00000| PB 0x00000000a2b00000| Untracked 
|  10|0x00000000a2c00000, 0x00000000a2c00000, 0x00000000a2d00000|  0%| F|  |TAMS 0x00000000a2c00000| PB 0x00000000a2c00000| Untracked 
|  11|0x00000000a2d00000, 0x00000000a2d00000, 0x00000000a2e00000|  0%| F|  |TAMS 0x00000000a2d00000| PB 0x00000000a2d00000| Untracked 
|  12|0x00000000a2e00000, 0x00000000a2e00000, 0x00000000a2f00000|  0%| F|  |TAMS 0x00000000a2e00000| PB 0x00000000a2e00000| Untracked 
|  13|0x00000000a2f00000, 0x00000000a2f00000, 0x00000000a3000000|  0%| F|  |TAMS 0x00000000a2f00000| PB 0x00000000a2f00000| Untracked 
|  14|0x00000000a3000000, 0x00000000a3000000, 0x00000000a3100000|  0%| F|  |TAMS 0x00000000a3000000| PB 0x00000000a3000000| Untracked 
|  15|0x00000000a3100000, 0x00000000a3100000, 0x00000000a3200000|  0%| F|  |TAMS 0x00000000a3100000| PB 0x00000000a3100000| Untracked 
|  16|0x00000000a3200000, 0x00000000a3200000, 0x00000000a3300000|  0%| F|  |TAMS 0x00000000a3200000| PB 0x00000000a3200000| Untracked 
|  17|0x00000000a3300000, 0x00000000a3300000, 0x00000000a3400000|  0%| F|  |TAMS 0x00000000a3300000| PB 0x00000000a3300000| Untracked 
|  18|0x00000000a3400000, 0x00000000a3400000, 0x00000000a3500000|  0%| F|  |TAMS 0x00000000a3400000| PB 0x00000000a3400000| Untracked 
|  19|0x00000000a3500000, 0x00000000a3500000, 0x00000000a3600000|  0%| F|  |TAMS 0x00000000a3500000| PB 0x00000000a3500000| Untracked 
|  20|0x00000000a3600000, 0x00000000a3600000, 0x00000000a3700000|  0%| F|  |TAMS 0x00000000a3600000| PB 0x00000000a3600000| Untracked 
|  21|0x00000000a3700000, 0x00000000a3700000, 0x00000000a3800000|  0%| F|  |TAMS 0x00000000a3700000| PB 0x00000000a3700000| Untracked 
|  22|0x00000000a3800000, 0x00000000a3800000, 0x00000000a3900000|  0%| F|  |TAMS 0x00000000a3800000| PB 0x00000000a3800000| Untracked 
|  23|0x00000000a3900000, 0x00000000a3900000, 0x00000000a3a00000|  0%| F|  |TAMS 0x00000000a3900000| PB 0x00000000a3900000| Untracked 
|  24|0x00000000a3a00000, 0x00000000a3a00000, 0x00000000a3b00000|  0%| F|  |TAMS 0x00000000a3a00000| PB 0x00000000a3a00000| Untracked 
|  25|0x00000000a3b00000, 0x00000000a3b00000, 0x00000000a3c00000|  0%| F|  |TAMS 0x00000000a3b00000| PB 0x00000000a3b00000| Untracked 
|  26|0x00000000a3c00000, 0x00000000a3c00000, 0x00000000a3d00000|  0%| F|  |TAMS 0x00000000a3c00000| PB 0x00000000a3c00000| Untracked 
|  27|0x00000000a3d00000, 0x00000000a3d00000, 0x00000000a3e00000|  0%| F|  |TAMS 0x00000000a3d00000| PB 0x00000000a3d00000| Untracked 
|  28|0x00000000a3e00000, 0x00000000a3e00000, 0x00000000a3f00000|  0%| F|  |TAMS 0x00000000a3e00000| PB 0x00000000a3e00000| Untracked 
|  29|0x00000000a3f00000, 0x00000000a3f00000, 0x00000000a4000000|  0%| F|  |TAMS 0x00000000a3f00000| PB 0x00000000a3f00000| Untracked 
|  30|0x00000000a4000000, 0x00000000a4000000, 0x00000000a4100000|  0%| F|  |TAMS 0x00000000a4000000| PB 0x00000000a4000000| Untracked 
|  31|0x00000000a4100000, 0x00000000a4100000, 0x00000000a4200000|  0%| F|  |TAMS 0x00000000a4100000| PB 0x00000000a4100000| Untracked 
|  32|0x00000000a4200000, 0x00000000a4200000, 0x00000000a4300000|  0%| F|  |TAMS 0x00000000a4200000| PB 0x00000000a4200000| Untracked 
|  33|0x00000000a4300000, 0x00000000a4300000, 0x00000000a4400000|  0%| F|  |TAMS 0x00000000a4300000| PB 0x00000000a4300000| Untracked 
|  34|0x00000000a4400000, 0x00000000a4400000, 0x00000000a4500000|  0%| F|  |TAMS 0x00000000a4400000| PB 0x00000000a4400000| Untracked 
|  35|0x00000000a4500000, 0x00000000a4500000, 0x00000000a4600000|  0%| F|  |TAMS 0x00000000a4500000| PB 0x00000000a4500000| Untracked 
|  36|0x00000000a4600000, 0x00000000a4600000, 0x00000000a4700000|  0%| F|  |TAMS 0x00000000a4600000| PB 0x00000000a4600000| Untracked 
|  37|0x00000000a4700000, 0x00000000a4700000, 0x00000000a4800000|  0%| F|  |TAMS 0x00000000a4700000| PB 0x00000000a4700000| Untracked 
|  38|0x00000000a4800000, 0x00000000a4800000, 0x00000000a4900000|  0%| F|  |TAMS 0x00000000a4800000| PB 0x00000000a4800000| Untracked 
|  39|0x00000000a4900000, 0x00000000a4900000, 0x00000000a4a00000|  0%| F|  |TAMS 0x00000000a4900000| PB 0x00000000a4900000| Untracked 
|  40|0x00000000a4a00000, 0x00000000a4a00000, 0x00000000a4b00000|  0%| F|  |TAMS 0x00000000a4a00000| PB 0x00000000a4a00000| Untracked 
|  41|0x00000000a4b00000, 0x00000000a4b00000, 0x00000000a4c00000|  0%| F|  |TAMS 0x00000000a4b00000| PB 0x00000000a4b00000| Untracked 
|  42|0x00000000a4c00000, 0x00000000a4c00000, 0x00000000a4d00000|  0%| F|  |TAMS 0x00000000a4c00000| PB 0x00000000a4c00000| Untracked 
|  43|0x00000000a4d00000, 0x00000000a4d00000, 0x00000000a4e00000|  0%| F|  |TAMS 0x00000000a4d00000| PB 0x00000000a4d00000| Untracked 
|  44|0x00000000a4e00000, 0x00000000a4e00000, 0x00000000a4f00000|  0%| F|  |TAMS 0x00000000a4e00000| PB 0x00000000a4e00000| Untracked 
|  45|0x00000000a4f00000, 0x00000000a4f00000, 0x00000000a5000000|  0%| F|  |TAMS 0x00000000a4f00000| PB 0x00000000a4f00000| Untracked 
|  46|0x00000000a5000000, 0x00000000a5000000, 0x00000000a5100000|  0%| F|  |TAMS 0x00000000a5000000| PB 0x00000000a5000000| Untracked 
|  47|0x00000000a5100000, 0x00000000a5100000, 0x00000000a5200000|  0%| F|  |TAMS 0x00000000a5100000| PB 0x00000000a5100000| Untracked 
|  48|0x00000000a5200000, 0x00000000a5200000, 0x00000000a5300000|  0%| F|  |TAMS 0x00000000a5200000| PB 0x00000000a5200000| Untracked 
|  49|0x00000000a5300000, 0x00000000a5300000, 0x00000000a5400000|  0%| F|  |TAMS 0x00000000a5300000| PB 0x00000000a5300000| Untracked 
|  50|0x00000000a5400000, 0x00000000a5400000, 0x00000000a5500000|  0%| F|  |TAMS 0x00000000a5400000| PB 0x00000000a5400000| Untracked 
|  51|0x00000000a5500000, 0x00000000a5500000, 0x00000000a5600000|  0%| F|  |TAMS 0x00000000a5500000| PB 0x00000000a5500000| Untracked 
|  52|0x00000000a5600000, 0x00000000a5600000, 0x00000000a5700000|  0%| F|  |TAMS 0x00000000a5600000| PB 0x00000000a5600000| Untracked 
|  53|0x00000000a5700000, 0x00000000a5700000, 0x00000000a5800000|  0%| F|  |TAMS 0x00000000a5700000| PB 0x00000000a5700000| Untracked 
|  54|0x00000000a5800000, 0x00000000a5800000, 0x00000000a5900000|  0%| F|  |TAMS 0x00000000a5800000| PB 0x00000000a5800000| Untracked 
|  55|0x00000000a5900000, 0x00000000a5900000, 0x00000000a5a00000|  0%| F|  |TAMS 0x00000000a5900000| PB 0x00000000a5900000| Untracked 
|  56|0x00000000a5a00000, 0x00000000a5a00000, 0x00000000a5b00000|  0%| F|  |TAMS 0x00000000a5a00000| PB 0x00000000a5a00000| Untracked 
|  57|0x00000000a5b00000, 0x00000000a5b00000, 0x00000000a5c00000|  0%| F|  |TAMS 0x00000000a5b00000| PB 0x00000000a5b00000| Untracked 
|  58|0x00000000a5c00000, 0x00000000a5c00000, 0x00000000a5d00000|  0%| F|  |TAMS 0x00000000a5c00000| PB 0x00000000a5c00000| Untracked 
|  59|0x00000000a5d00000, 0x00000000a5d00000, 0x00000000a5e00000|  0%| F|  |TAMS 0x00000000a5d00000| PB 0x00000000a5d00000| Untracked 
|  60|0x00000000a5e00000, 0x00000000a5e00000, 0x00000000a5f00000|  0%| F|  |TAMS 0x00000000a5e00000| PB 0x00000000a5e00000| Untracked 
|  61|0x00000000a5f00000, 0x00000000a5f00000, 0x00000000a6000000|  0%| F|  |TAMS 0x00000000a5f00000| PB 0x00000000a5f00000| Untracked 
|  62|0x00000000a6000000, 0x00000000a6000000, 0x00000000a6100000|  0%| F|  |TAMS 0x00000000a6000000| PB 0x00000000a6000000| Untracked 
|  63|0x00000000a6100000, 0x00000000a6100000, 0x00000000a6200000|  0%| F|  |TAMS 0x00000000a6100000| PB 0x00000000a6100000| Untracked 
|  64|0x00000000a6200000, 0x00000000a6200000, 0x00000000a6300000|  0%| F|  |TAMS 0x00000000a6200000| PB 0x00000000a6200000| Untracked 
|  65|0x00000000a6300000, 0x00000000a6300000, 0x00000000a6400000|  0%| F|  |TAMS 0x00000000a6300000| PB 0x00000000a6300000| Untracked 
|  66|0x00000000a6400000, 0x00000000a6400000, 0x00000000a6500000|  0%| F|  |TAMS 0x00000000a6400000| PB 0x00000000a6400000| Untracked 
|  67|0x00000000a6500000, 0x00000000a6500000, 0x00000000a6600000|  0%| F|  |TAMS 0x00000000a6500000| PB 0x00000000a6500000| Untracked 
|  68|0x00000000a6600000, 0x00000000a6600000, 0x00000000a6700000|  0%| F|  |TAMS 0x00000000a6600000| PB 0x00000000a6600000| Untracked 
|  69|0x00000000a6700000, 0x00000000a6700000, 0x00000000a6800000|  0%| F|  |TAMS 0x00000000a6700000| PB 0x00000000a6700000| Untracked 
|  70|0x00000000a6800000, 0x00000000a6800000, 0x00000000a6900000|  0%| F|  |TAMS 0x00000000a6800000| PB 0x00000000a6800000| Untracked 
|  71|0x00000000a6900000, 0x00000000a6900000, 0x00000000a6a00000|  0%| F|  |TAMS 0x00000000a6900000| PB 0x00000000a6900000| Untracked 
|  72|0x00000000a6a00000, 0x00000000a6a00000, 0x00000000a6b00000|  0%| F|  |TAMS 0x00000000a6a00000| PB 0x00000000a6a00000| Untracked 
|  73|0x00000000a6b00000, 0x00000000a6b00000, 0x00000000a6c00000|  0%| F|  |TAMS 0x00000000a6b00000| PB 0x00000000a6b00000| Untracked 
|  74|0x00000000a6c00000, 0x00000000a6c00000, 0x00000000a6d00000|  0%| F|  |TAMS 0x00000000a6c00000| PB 0x00000000a6c00000| Untracked 
|  75|0x00000000a6d00000, 0x00000000a6d00000, 0x00000000a6e00000|  0%| F|  |TAMS 0x00000000a6d00000| PB 0x00000000a6d00000| Untracked 
|  76|0x00000000a6e00000, 0x00000000a6e00000, 0x00000000a6f00000|  0%| F|  |TAMS 0x00000000a6e00000| PB 0x00000000a6e00000| Untracked 
|  77|0x00000000a6f00000, 0x00000000a6f00000, 0x00000000a7000000|  0%| F|  |TAMS 0x00000000a6f00000| PB 0x00000000a6f00000| Untracked 
|  78|0x00000000a7000000, 0x00000000a7000000, 0x00000000a7100000|  0%| F|  |TAMS 0x00000000a7000000| PB 0x00000000a7000000| Untracked 
|  79|0x00000000a7100000, 0x00000000a7100000, 0x00000000a7200000|  0%| F|  |TAMS 0x00000000a7100000| PB 0x00000000a7100000| Untracked 
|  80|0x00000000a7200000, 0x00000000a7200000, 0x00000000a7300000|  0%| F|  |TAMS 0x00000000a7200000| PB 0x00000000a7200000| Untracked 
|  81|0x00000000a7300000, 0x00000000a7400000, 0x00000000a7400000|100%| E|  |TAMS 0x00000000a7300000| PB 0x00000000a7300000| Complete 
|  82|0x00000000a7400000, 0x00000000a7500000, 0x00000000a7500000|100%| E|CS|TAMS 0x00000000a7400000| PB 0x00000000a7400000| Complete 
|  83|0x00000000a7500000, 0x00000000a7600000, 0x00000000a7600000|100%| E|CS|TAMS 0x00000000a7500000| PB 0x00000000a7500000| Complete 
|  84|0x00000000a7600000, 0x00000000a7700000, 0x00000000a7700000|100%| E|CS|TAMS 0x00000000a7600000| PB 0x00000000a7600000| Complete 
|  85|0x00000000a7700000, 0x00000000a7800000, 0x00000000a7800000|100%| E|CS|TAMS 0x00000000a7700000| PB 0x00000000a7700000| Complete 
|  86|0x00000000a7800000, 0x00000000a7900000, 0x00000000a7900000|100%| E|CS|TAMS 0x00000000a7800000| PB 0x00000000a7800000| Complete 
|  87|0x00000000a7900000, 0x00000000a7a00000, 0x00000000a7a00000|100%| E|CS|TAMS 0x00000000a7900000| PB 0x00000000a7900000| Complete 
|  88|0x00000000a7a00000, 0x00000000a7b00000, 0x00000000a7b00000|100%| E|CS|TAMS 0x00000000a7a00000| PB 0x00000000a7a00000| Complete 
|  89|0x00000000a7b00000, 0x00000000a7c00000, 0x00000000a7c00000|100%| E|CS|TAMS 0x00000000a7b00000| PB 0x00000000a7b00000| Complete 
|  90|0x00000000a7c00000, 0x00000000a7d00000, 0x00000000a7d00000|100%| E|CS|TAMS 0x00000000a7c00000| PB 0x00000000a7c00000| Complete 
|  91|0x00000000a7d00000, 0x00000000a7e00000, 0x00000000a7e00000|100%| E|CS|TAMS 0x00000000a7d00000| PB 0x00000000a7d00000| Complete 
|  92|0x00000000a7e00000, 0x00000000a7f00000, 0x00000000a7f00000|100%| E|CS|TAMS 0x00000000a7e00000| PB 0x00000000a7e00000| Complete 
|  93|0x00000000a7f00000, 0x00000000a8000000, 0x00000000a8000000|100%| E|CS|TAMS 0x00000000a7f00000| PB 0x00000000a7f00000| Complete 

Card table byte_map: [0x000001923c7a0000,0x000001923ca90000] _byte_map_base: 0x000001923c28f000

Marking Bits: (CMBitMap*) 0x000001922a054ff0
 Bits: [0x000001923ca90000, 0x000001923e208000)

Polling page: 0x0000019227e30000

Metaspace:

Usage:
  Non-class:     13.77 MB used.
      Class:      1.61 MB used.
       Both:     15.39 MB used.

Virtual space:
  Non-class space:       64.00 MB reserved,      13.94 MB ( 22%) committed,  1 nodes.
      Class space:        1.00 GB reserved,       1.69 MB ( <1%) committed,  1 nodes.
             Both:        1.06 GB reserved,      15.62 MB (  1%) committed. 

Chunk freelists:
   Non-Class:  2.09 MB
       Class:  14.19 MB
        Both:  16.28 MB

MaxMetaspaceSize: unlimited
CompressedClassSpaceSize: 1.00 GB
Initial GC threshold: 21.00 MB
Current GC threshold: 21.00 MB
CDS: off
 - commit_granule_bytes: 65536.
 - commit_granule_words: 8192.
 - virtual_space_node_default_size: 8388608.
 - enlarge_chunks_in_place: 1.
 - use_allocation_guard: 0.


Internal statistics:

num_allocs_failed_limit: 0.
num_arena_births: 224.
num_arena_deaths: 0.
num_vsnodes_births: 2.
num_vsnodes_deaths: 0.
num_space_committed: 250.
num_space_uncommitted: 0.
num_chunks_returned_to_freelist: 0.
num_chunks_taken_from_freelist: 395.
num_chunk_merges: 0.
num_chunk_splits: 218.
num_chunks_enlarged: 98.
num_inconsistent_stats: 0.

CodeHeap 'non-profiled nmethods': size=120000Kb used=379Kb max_used=379Kb free=119620Kb
 bounds [0x0000019234c40000, 0x0000019234eb0000, 0x000001923c170000]
CodeHeap 'profiled nmethods': size=120000Kb used=1710Kb max_used=1710Kb free=118289Kb
 bounds [0x000001922d170000, 0x000001922d3e0000, 0x00000192346a0000]
CodeHeap 'non-nmethods': size=5760Kb used=1401Kb max_used=1433Kb free=4358Kb
 bounds [0x00000192346a0000, 0x0000019234910000, 0x0000019234c40000]
 total_blobs=1606 nmethods=1095 adapters=416
 compilation: enabled
              stopped_count=0, restarted_count=0
 full_count=0

Compilation events (20 events):
Event: 0.561 Thread 0x0000019245023910 1088       3       sun.security.util.math.intpoly.IntegerPolynomial::get0 (10 bytes)
Event: 0.561 Thread 0x0000019245023910 nmethod 1088 0x000001922d314e90 code [0x000001922d315040, 0x000001922d315240]
Event: 0.561 Thread 0x0000019245023910 1089       3       sun.security.util.math.intpoly.IntegerPolynomial::get0 (5 bytes)
Event: 0.561 Thread 0x0000019245023910 nmethod 1089 0x000001922d315310 code [0x000001922d3154c0, 0x000001922d315798]
Event: 0.572 Thread 0x0000019245020e70 nmethod 1077 0x0000019234c9c010 code [0x0000019234c9c200, 0x0000019234c9caf0]
Event: 0.572 Thread 0x0000019245020e70 1090       4       sun.security.util.math.intpoly.IntegerPolynomial$MutableElement::setAdditiveInverse (32 bytes)
Event: 0.572 Thread 0x00000192457cd170 nmethod 1086 0x0000019234c9d010 code [0x0000019234c9d200, 0x0000019234c9dc90]
Event: 0.575 Thread 0x0000019245020e70 nmethod 1090 0x0000019234c9e390 code [0x0000019234c9e520, 0x0000019234c9e6f0]
Event: 0.579 Thread 0x0000019245023910 1091       3       sun.security.ec.ECOperations$PointMultiplier$Secp256R1GeneratorMultiplier::bit (13 bytes)
Event: 0.579 Thread 0x0000019245023910 nmethod 1091 0x000001922d315910 code [0x000001922d315aa0, 0x000001922d315bc8]
Event: 0.579 Thread 0x0000019245023910 1092  s    3       java.io.ByteArrayOutputStream::toByteArray (12 bytes)
Event: 0.579 Thread 0x0000019245023910 nmethod 1092 0x000001922d315c90 code [0x000001922d315e40, 0x000001922d316050]
Event: 0.580 Thread 0x0000019245023910 1093       1       java.security.Provider::getName (5 bytes)
Event: 0.580 Thread 0x0000019245023910 nmethod 1093 0x0000019234c9e810 code [0x0000019234c9e9a0, 0x0000019234c9ea68]
Event: 0.580 Thread 0x0000019245023910 1094       3       java.nio.HeapByteBuffer::ix (7 bytes)
Event: 0.580 Thread 0x0000019245023910 nmethod 1094 0x000001922d316110 code [0x000001922d3162a0, 0x000001922d3163b0]
Event: 0.580 Thread 0x0000019245023910 1095       3       java.lang.Enum::hashCode (21 bytes)
Event: 0.580 Thread 0x0000019245023910 nmethod 1095 0x000001922d316410 code [0x000001922d3165c0, 0x000001922d316748]
Event: 0.582 Thread 0x0000019245023910 1097       3       java.lang.invoke.TypeConvertingMethodAdapter::convertType (299 bytes)
Event: 0.584 Thread 0x0000019245023910 nmethod 1097 0x000001922d316810 code [0x000001922d316ec0, 0x000001922d31a768]

GC Heap History (0 events):
No events

Dll operation events (2 events):
Event: 0.013 Loaded shared library C:\Program Files\Android\Android Studio\jbr\bin\java.dll
Event: 0.019 Loaded shared library C:\Program Files\Android\Android Studio\jbr\bin\zip.dll

Deoptimization events (6 events):
Event: 0.204 Thread 0x0000019227c5e910 Uncommon trap: trap_request=0xffffff45 fr.pc=0x0000019234c53994 relative=0x0000000000000074
Event: 0.204 Thread 0x0000019227c5e910 Uncommon trap: reason=unstable_if action=reinterpret pc=0x0000019234c53994 method=java.lang.CharacterDataLatin1.toLowerCase(I)I @ 16 c2
Event: 0.204 Thread 0x0000019227c5e910 DEOPT PACKING pc=0x0000019234c53994 sp=0x0000007e741fae50
Event: 0.204 Thread 0x0000019227c5e910 DEOPT UNPACKING pc=0x00000192346f46a2 sp=0x0000007e741fade0 mode 2
Event: 0.409 Thread 0x0000019227c5e910 DEOPT PACKING pc=0x000001922d18794c sp=0x0000007e741f9fa0
Event: 0.409 Thread 0x0000019227c5e910 DEOPT UNPACKING pc=0x00000192346f4e42 sp=0x0000007e741f93c0 mode 0

Classes loaded (20 events):
Event: 0.580 Loading class sun/security/ssl/OutputRecord$T13PaddingHolder
Event: 0.580 Loading class sun/security/ssl/OutputRecord$T13PaddingHolder done
Event: 0.581 Loading class sun/security/ssl/Ciphertext
Event: 0.581 Loading class sun/security/ssl/Ciphertext done
Event: 0.581 Loading class sun/security/ssl/PostHandshakeContext
Event: 0.581 Loading class sun/security/ssl/PostHandshakeContext done
Event: 0.581 Loading class javax/net/ssl/SSLEngineResult$Status
Event: 0.581 Loading class javax/net/ssl/SSLEngineResult$Status done
Event: 0.581 Loading class javax/net/ssl/SSLEngineResult
Event: 0.581 Loading class javax/net/ssl/SSLEngineResult done
Event: 0.581 Loading class java/lang/NoSuchFieldError
Event: 0.581 Loading class java/lang/NoSuchFieldError done
Event: 0.582 Loading class sun/nio/ch/IOVecWrapper
Event: 0.582 Loading class sun/nio/ch/IOVecWrapper done
Event: 0.582 Loading class sun/nio/ch/AllocatedNativeObject
Event: 0.582 Loading class sun/nio/ch/NativeObject
Event: 0.582 Loading class sun/nio/ch/NativeObject done
Event: 0.582 Loading class sun/nio/ch/AllocatedNativeObject done
Event: 0.582 Loading class sun/nio/ch/IOVecWrapper$Deallocator
Event: 0.582 Loading class sun/nio/ch/IOVecWrapper$Deallocator done

Classes unloaded (0 events):
No events

Classes redefined (0 events):
No events

Internal exceptions (20 events):
Event: 0.357 Thread 0x0000019227c5e910 Exception <a 'java/lang/NoSuchMethodError'{0x00000000a7ac36b0}: 'int java.lang.invoke.DirectMethodHandle$Holder.invokeVirtual(java.lang.Object, java.lang.Object)'> (0x00000000a7ac36b0) 
thrown [s\src\hotspot\share\interpreter\linkResolver.cpp, line 784]
Event: 0.358 Thread 0x0000019227c5e910 Exception <a 'java/lang/NoSuchMethodError'{0x00000000a7ac7a58}: 'int java.lang.invoke.DirectMethodHandle$Holder.invokeStaticInit(java.lang.Object, int, int)'> (0x00000000a7ac7a58) 
thrown [s\src\hotspot\share\interpreter\linkResolver.cpp, line 784]
Event: 0.358 Thread 0x0000019227c5e910 Exception <a 'java/lang/NoSuchMethodError'{0x00000000a7acf068}: 'int java.lang.invoke.DirectMethodHandle$Holder.invokeStaticInit(java.lang.Object, long, long)'> (0x00000000a7acf068) 
thrown [s\src\hotspot\share\interpreter\linkResolver.cpp, line 784]
Event: 0.359 Thread 0x0000019227c5e910 Exception <a 'java/lang/NoSuchMethodError'{0x00000000a7ad5b00}: 'int java.lang.invoke.DirectMethodHandle$Holder.invokeStaticInit(java.lang.Object, float, float)'> (0x00000000a7ad5b00) 
thrown [s\src\hotspot\share\interpreter\linkResolver.cpp, line 784]
Event: 0.359 Thread 0x0000019227c5e910 Exception <a 'java/lang/NoSuchMethodError'{0x00000000a7adc6b8}: 'int java.lang.invoke.DirectMethodHandle$Holder.invokeStaticInit(java.lang.Object, double, double)'> (0x00000000a7adc6b8) 
thrown [s\src\hotspot\share\interpreter\linkResolver.cpp, line 784]
Event: 0.360 Thread 0x0000019227c5e910 Exception <a 'java/lang/NoSuchMethodError'{0x00000000a7ae0d40}: 'int java.lang.invoke.DirectMethodHandle$Holder.invokeStatic(java.lang.Object, long)'> (0x00000000a7ae0d40) 
thrown [s\src\hotspot\share\interpreter\linkResolver.cpp, line 784]
Event: 0.363 Thread 0x0000019227c5e910 Exception <a 'java/lang/NoSuchMethodError'{0x00000000a790e038}: 'java.lang.Object java.lang.invoke.DelegatingMethodHandle$Holder.delegate(java.lang.Object, int, java.lang.Object, java.lang.Object)'> (0x00000000a790e038) 
thrown [s\src\hotspot\share\interpreter\linkResolver.cpp, line 784]
Event: 0.365 Thread 0x0000019227c5e910 Exception <a 'java/lang/NoSuchMethodError'{0x00000000a791d358}: 'int java.lang.invoke.Invokers$Holder.linkToTargetMethod(java.lang.Object, java.lang.Object, java.lang.Object)'> (0x00000000a791d358) 
thrown [s\src\hotspot\share\interpreter\linkResolver.cpp, line 784]
Event: 0.369 Thread 0x0000019227c5e910 Exception <a 'java/lang/NoSuchMethodError'{0x00000000a794c370}: 'long java.lang.invoke.DirectMethodHandle$Holder.invokeSpecial(java.lang.Object, java.lang.Object)'> (0x00000000a794c370) 
thrown [s\src\hotspot\share\interpreter\linkResolver.cpp, line 784]
Event: 0.369 Thread 0x0000019227c5e910 Exception <a 'java/lang/NoSuchMethodError'{0x00000000a7952c40}: 'int java.lang.invoke.DirectMethodHandle$Holder.invokeStatic(java.lang.Object, java.lang.Object, java.lang.Object, java.lang.Object)'> (0x00000000a7952c40) 
thrown [s\src\hotspot\share\interpreter\linkResolver.cpp, line 784]
Event: 0.370 Thread 0x0000019227c5e910 Exception <a 'java/lang/NoSuchMethodError'{0x00000000a7956060}: 'java.lang.Object java.lang.invoke.Invokers$Holder.invokeExact_MT(java.lang.Object, java.lang.Object, java.lang.Object, java.lang.Object, java.lang.Object, java.lang.Object)'> (0x00000000a7956060) 
thrown [s\src\hotspot\share\interpreter\linkResolver.cpp, line 784]
Event: 0.440 Thread 0x0000019227c5e910 Exception <a 'java/lang/NoSuchMethodError'{0x00000000a77188c0}: 'java.lang.Object java.lang.invoke.DirectMethodHandle$Holder.newInvokeSpecial(java.lang.Object, java.lang.Object, java.lang.Object, java.lang.Object, java.lang.Object)'> (0x00000000a77188c0) 
thrown [s\src\hotspot\share\interpreter\linkResolver.cpp, line 784]
Event: 0.465 Thread 0x0000019227c5e910 Exception <a 'java/lang/NoSuchMethodError'{0x00000000a7675328}: 'java.lang.Object java.lang.invoke.DirectMethodHandle$Holder.invokeSpecial(java.lang.Object, java.lang.Object, java.lang.Object, java.lang.Object, int)'> (0x00000000a7675328) 
thrown [s\src\hotspot\share\interpreter\linkResolver.cpp, line 784]
Event: 0.465 Thread 0x0000019227c5e910 Exception <a 'java/lang/NoSuchMethodError'{0x00000000a7678f08}: 'java.lang.Object java.lang.invoke.Invokers$Holder.linkToTargetMethod(java.lang.Object, java.lang.Object, int, java.lang.Object)'> (0x00000000a7678f08) 
thrown [s\src\hotspot\share\interpreter\linkResolver.cpp, line 784]
Event: 0.470 Thread 0x0000019227c5e910 Exception <a 'java/lang/NoSuchMethodError'{0x00000000a76a3f80}: 'void java.lang.invoke.DirectMethodHandle$Holder.invokeSpecial(java.lang.Object, java.lang.Object, java.lang.Object)'> (0x00000000a76a3f80) 
thrown [s\src\hotspot\share\interpreter\linkResolver.cpp, line 784]
Event: 0.481 Thread 0x00000192456a7670 Exception <a 'java/lang/NoSuchMethodError'{0x00000000a757fac0}: 'void java.lang.invoke.DirectMethodHandle$Holder.invokeStatic(java.lang.Object, java.lang.Object, int)'> (0x00000000a757fac0) 
thrown [s\src\hotspot\share\interpreter\linkResolver.cpp, line 784]
Event: 0.481 Thread 0x0000019227c5e910 Exception <a 'java/lang/NoSuchMethodError'{0x00000000a752a808}: 'void java.lang.invoke.DirectMethodHandle$Holder.invokeSpecial(java.lang.Object, java.lang.Object, java.lang.Object, java.lang.Object, java.lang.Object)'> (0x00000000a752a808) 
thrown [s\src\hotspot\share\interpreter\linkResolver.cpp, line 784]
Event: 0.487 Thread 0x00000192456a7670 Exception <a 'java/lang/NoSuchMethodError'{0x00000000a75b9450}: 'void java.lang.invoke.DirectMethodHandle$Holder.invokeStatic(java.lang.Object, java.lang.Object)'> (0x00000000a75b9450) 
thrown [s\src\hotspot\share\interpreter\linkResolver.cpp, line 784]
Event: 0.489 Thread 0x0000019245763430 Exception <a 'java/lang/NoSuchMethodError'{0x00000000a740b678}: 'void java.lang.invoke.DirectMethodHandle$Holder.invokeInterface(java.lang.Object, java.lang.Object, java.lang.Object)'> (0x00000000a740b678) 
thrown [s\src\hotspot\share\interpreter\linkResolver.cpp, line 784]
Event: 0.494 Thread 0x0000019245763430 Exception <a 'java/lang/NoSuchMethodError'{0x00000000a7450fc8}: 'void java.lang.invoke.DirectMethodHandle$Holder.invokeVirtual(java.lang.Object, java.lang.Object)'> (0x00000000a7450fc8) 
thrown [s\src\hotspot\share\interpreter\linkResolver.cpp, line 784]

ZGC Phase Switch (0 events):
No events

VM Operations (6 events):
Event: 0.106 Executing VM operation: HandshakeAllThreads (Deoptimize)
Event: 0.106 Executing VM operation: HandshakeAllThreads (Deoptimize) done
Event: 0.114 Executing VM operation: HandshakeAllThreads (Deoptimize)
Event: 0.114 Executing VM operation: HandshakeAllThreads (Deoptimize) done
Event: 0.252 Executing VM operation: HandshakeAllThreads (Deoptimize)
Event: 0.252 Executing VM operation: HandshakeAllThreads (Deoptimize) done

Memory protections (0 events):
No events

Nmethod flushes (0 events):
No events

Events (20 events):
Event: 0.056 Thread 0x0000019227c5e910 Thread added: 0x0000019245036420
Event: 0.056 Thread 0x0000019227c5e910 Thread added: 0x0000019245037230
Event: 0.057 Thread 0x0000019227c5e910 Thread added: 0x00000192450161d0
Event: 0.057 Thread 0x0000019227c5e910 Thread added: 0x0000019245016c20
Event: 0.057 Thread 0x0000019227c5e910 Thread added: 0x000001924501f6a0
Event: 0.057 Thread 0x0000019227c5e910 Thread added: 0x00000192450200f0
Event: 0.057 Thread 0x0000019227c5e910 Thread added: 0x0000019245020e70
Event: 0.057 Thread 0x0000019227c5e910 Thread added: 0x0000019245023910
Event: 0.084 Thread 0x0000019227c5e910 Thread added: 0x00000192451dd710
Event: 0.088 Thread 0x0000019227c5e910 Thread added: 0x00000192451e51a0
Event: 0.094 Loaded shared library C:\Program Files\Android\Android Studio\jbr\bin\net.dll
Event: 0.096 Loaded shared library C:\Program Files\Android\Android Studio\jbr\bin\nio.dll
Event: 0.102 Loaded shared library C:\Program Files\Android\Android Studio\jbr\bin\zip.dll
Event: 0.162 Loaded shared library C:\Program Files\Android\Android Studio\jbr\bin\jimage.dll
Event: 0.431 Loaded shared library C:\Program Files\Android\Android Studio\jbr\bin\extnet.dll
Event: 0.436 Thread 0x0000019227c5e910 Thread added: 0x00000192456a7670
Event: 0.487 Thread 0x00000192456a7670 Thread added: 0x0000019245763430
Event: 0.501 Thread 0x00000192456a7670 Thread added: 0x0000019245751c10
Event: 0.536 Thread 0x0000019245023910 Thread added: 0x00000192457cd170
Event: 0.538 Thread 0x0000019245023910 Thread added: 0x0000019245826100


Dynamic libraries:
0x00007ff73e1b0000 - 0x00007ff73e1ba000 	C:\Program Files\Android\Android Studio\jbr\bin\java.exe
0x00007ffa5a830000 - 0x00007ffa5aa28000 	C:\Windows\SYSTEM32\ntdll.dll
0x00007ffa59030000 - 0x00007ffa590f2000 	C:\Windows\System32\KERNEL32.DLL
0x00007ffa57f00000 - 0x00007ffa581f6000 	C:\Windows\System32\KERNELBASE.dll
0x00007ffa58630000 - 0x00007ffa58730000 	C:\Windows\System32\ucrtbase.dll
0x00007ffa36890000 - 0x00007ffa368a8000 	C:\Program Files\Android\Android Studio\jbr\bin\jli.dll
0x00007ffa40d70000 - 0x00007ffa40d8b000 	C:\Program Files\Android\Android Studio\jbr\bin\VCRUNTIME140.dll
0x00007ffa58c30000 - 0x00007ffa58dcd000 	C:\Windows\System32\USER32.dll
0x00007ffa583a0000 - 0x00007ffa583c2000 	C:\Windows\System32\win32u.dll
0x00007ffa42160000 - 0x00007ffa423fa000 	C:\Windows\WinSxS\amd64_microsoft.windows.common-controls_6595b64144ccf1df_6.0.19041.5794_none_60bcd33171f2783c\COMCTL32.dll
0x00007ffa59000000 - 0x00007ffa5902b000 	C:\Windows\System32\GDI32.dll
0x00007ffa58f10000 - 0x00007ffa58fae000 	C:\Windows\System32\msvcrt.dll
0x00007ffa58280000 - 0x00007ffa5839a000 	C:\Windows\System32\gdi32full.dll
0x00007ffa58730000 - 0x00007ffa587cd000 	C:\Windows\System32\msvcp_win.dll
0x00007ffa58fb0000 - 0x00007ffa58fdf000 	C:\Windows\System32\IMM32.DLL
0x00007ffa54790000 - 0x00007ffa5479c000 	C:\Program Files\Android\Android Studio\jbr\bin\vcruntime140_1.dll
0x00007ffa2bb30000 - 0x00007ffa2bbbd000 	C:\Program Files\Android\Android Studio\jbr\bin\msvcp140.dll
0x00007ffa051e0000 - 0x00007ffa05e6b000 	C:\Program Files\Android\Android Studio\jbr\bin\server\jvm.dll
0x00007ffa59f70000 - 0x00007ffa5a01f000 	C:\Windows\System32\ADVAPI32.dll
0x00007ffa5a750000 - 0x00007ffa5a7ef000 	C:\Windows\System32\sechost.dll
0x00007ffa5a1b0000 - 0x00007ffa5a2d3000 	C:\Windows\System32\RPCRT4.dll
0x00007ffa57ed0000 - 0x00007ffa57ef7000 	C:\Windows\System32\bcrypt.dll
0x00007ffa591d0000 - 0x00007ffa5923b000 	C:\Windows\System32\WS2_32.dll
0x00007ffa4e510000 - 0x00007ffa4e537000 	C:\Windows\SYSTEM32\WINMM.dll
0x00007ffa50660000 - 0x00007ffa5066a000 	C:\Windows\SYSTEM32\VERSION.dll
0x00007ffa57d30000 - 0x00007ffa57d7b000 	C:\Windows\SYSTEM32\POWRPROF.dll
0x00007ffa57d10000 - 0x00007ffa57d22000 	C:\Windows\SYSTEM32\UMPDC.dll
0x00007ffa55d50000 - 0x00007ffa55d62000 	C:\Windows\SYSTEM32\kernel.appcore.dll
0x00007ffa4ad00000 - 0x00007ffa4ad0a000 	C:\Program Files\Android\Android Studio\jbr\bin\jimage.dll
0x00007ffa49f60000 - 0x00007ffa4a144000 	C:\Windows\SYSTEM32\DBGHELP.DLL
0x00007ffa49de0000 - 0x00007ffa49e14000 	C:\Windows\SYSTEM32\dbgcore.DLL
0x00007ffa587d0000 - 0x00007ffa58852000 	C:\Windows\System32\bcryptPrimitives.dll
0x00007ffa3bb50000 - 0x00007ffa3bb70000 	C:\Program Files\Android\Android Studio\jbr\bin\java.dll
0x00007ffa38480000 - 0x00007ffa38498000 	C:\Program Files\Android\Android Studio\jbr\bin\zip.dll
0x00007ffa59800000 - 0x00007ffa59f6e000 	C:\Windows\System32\SHELL32.dll
0x00007ffa55f50000 - 0x00007ffa566f3000 	C:\Windows\SYSTEM32\windows.storage.dll
0x00007ffa588c0000 - 0x00007ffa58c13000 	C:\Windows\System32\combase.dll
0x00007ffa57830000 - 0x00007ffa5785b000 	C:\Windows\SYSTEM32\Wldp.dll
0x00007ffa59100000 - 0x00007ffa591cd000 	C:\Windows\System32\OLEAUT32.dll
0x00007ffa5a020000 - 0x00007ffa5a0cd000 	C:\Windows\System32\SHCORE.dll
0x00007ffa58eb0000 - 0x00007ffa58f05000 	C:\Windows\System32\shlwapi.dll
0x00007ffa57e00000 - 0x00007ffa57e25000 	C:\Windows\SYSTEM32\profapi.dll
0x00007ffa45940000 - 0x00007ffa45950000 	C:\Program Files\Android\Android Studio\jbr\bin\net.dll
0x00007ffa50f60000 - 0x00007ffa5106a000 	C:\Windows\SYSTEM32\WINHTTP.dll
0x00007ffa57590000 - 0x00007ffa575fc000 	C:\Windows\system32\mswsock.dll
0x00007ffa381a0000 - 0x00007ffa381b6000 	C:\Program Files\Android\Android Studio\jbr\bin\nio.dll
0x00007ffa57790000 - 0x00007ffa577a8000 	C:\Windows\SYSTEM32\CRYPTSP.dll
0x00007ffa56eb0000 - 0x00007ffa56ee8000 	C:\Windows\system32\rsaenh.dll
0x00007ffa57dc0000 - 0x00007ffa57dee000 	C:\Windows\SYSTEM32\USERENV.dll
0x00007ffa57780000 - 0x00007ffa5778c000 	C:\Windows\SYSTEM32\CRYPTBASE.dll
0x00007ffa57270000 - 0x00007ffa572ab000 	C:\Windows\SYSTEM32\IPHLPAPI.DLL
0x00007ffa5a400000 - 0x00007ffa5a408000 	C:\Windows\System32\NSI.dll
0x00007ffa41810000 - 0x00007ffa41817000 	C:\Windows\system32\wshunix.dll
0x00007ffa3f630000 - 0x00007ffa3f639000 	C:\Program Files\Android\Android Studio\jbr\bin\extnet.dll

dbghelp: loaded successfully - version: 4.0.5 - missing functions: none
symbol engine: initialized successfully - sym options: 0x614 - pdb path: .;C:\Program Files\Android\Android Studio\jbr\bin;C:\Windows\SYSTEM32;C:\Windows\WinSxS\amd64_microsoft.windows.common-controls_6595b64144ccf1df_6.0.19041.5794_none_60bcd33171f2783c;C:\Program Files\Android\Android Studio\jbr\bin\server

VM Arguments:
java_command: git4idea.http.GitAskPassApp Username for 'https://github.com': 
java_class_path (initial): C:/Program Files/Android/Android Studio/plugins/vcs-git/lib/git4idea-rt.jar;C:/Program Files/Android/Android Studio/lib/externalProcess-rt.jar
Launcher Type: SUN_STANDARD

[Global flags]
     intx CICompilerCount                          = 4                                         {product} {ergonomic}
     uint ConcGCThreads                            = 2                                         {product} {ergonomic}
     uint G1ConcRefinementThreads                  = 8                                         {product} {ergonomic}
   size_t G1HeapRegionSize                         = 1048576                                   {product} {ergonomic}
    uintx GCDrainStackTargetSize                   = 64                                        {product} {ergonomic}
   size_t InitialHeapSize                          = 98566144                                  {product} {ergonomic}
   size_t MarkStackSize                            = 4194304                                   {product} {ergonomic}
   size_t MaxHeapSize                              = 1574961152                                {product} {ergonomic}
   size_t MaxNewSize                               = 944766976                                 {product} {ergonomic}
   size_t MinHeapDeltaBytes                        = 1048576                                   {product} {ergonomic}
   size_t MinHeapSize                              = 8388608                                   {product} {ergonomic}
    uintx NonNMethodCodeHeapSize                   = 5839372                                {pd product} {ergonomic}
    uintx NonProfiledCodeHeapSize                  = 122909434                              {pd product} {ergonomic}
    uintx ProfiledCodeHeapSize                     = 122909434                              {pd product} {ergonomic}
    uintx ReservedCodeCacheSize                    = 251658240                              {pd product} {ergonomic}
     bool SegmentedCodeCache                       = true                                      {product} {ergonomic}
   size_t SoftMaxHeapSize                          = 1574961152                             {manageable} {ergonomic}
     bool UseCompressedOops                        = true                           {product lp64_product} {ergonomic}
     bool UseG1GC                                  = true                                      {product} {ergonomic}
     bool UseLargePagesIndividualAllocation        = false                                  {pd product} {ergonomic}

Logging:
Log output configuration:
 #0: stdout all=warning uptime,level,tags foldmultilines=false
 #1: stderr all=off uptime,level,tags foldmultilines=false

Environment Variables:
PATH=C:/Program Files/Git/mingw64/libexec/git-core;C:/Program Files/Git/mingw64/libexec/git-core;C:\Program Files\Git\mingw64\bin;C:\Program Files\Git\usr\bin;C:\Users\dimkr\bin;C:\Program Files\Microsoft\jdk-11.0.16.101-hotspot\bin;C:\Windows\system32;C:\Windows;C:\Windows\System32\Wbem;C:\Windows\System32\WindowsPowerShell\v1.0\;C:\Windows\System32\OpenSSH\;C:\Program Files\Microsoft SQL Server\150\Tools\Binn\;C:\Program Files\Go\bin;C:\Program Files\nodejs\;C:\Program Files\Git\cmd;D:\php\bin;C:\OSPanel\bin;C:\Users\dimkr\AppData\Local\Microsoft\WindowsApps;C:\Users\dimkr\go\bin;C:\Users\dimkr\go\bin;C:\Users\dimkr\.dotnet\tools;D:\app\IntelliJ IDEA Community Edition 2023.1.3\bin;C:\flutter\bin;C:\Users\dimkr\AppData\Roaming\npm;D:\app\Microsoft VS Code\bin
USERNAME=dikra
DISPLAY=:0.0
LC_ALL=en_US.UTF-8
TERM=xterm-256color
TMPDIR=C:\Users\dimkr\AppData\Local\Temp
OS=Windows_NT
PROCESSOR_IDENTIFIER=AMD64 Family 23 Model 104 Stepping 1, AuthenticAMD
TMP=C:\Users\dimkr\AppData\Local\Temp
TEMP=C:\Users\dimkr\AppData\Local\Temp




Periodic native trim disabled

JNI global refs:
JNI global refs: 21, weak refs: 0

JNI global refs memory usage: 835, weak refs: 833

Process memory usage:
Resident Set Size: 74656K (1% of 6150136K total physical memory with 735912K free physical memory)

OOME stack traces (most recent first):
Classloader memory used:
Loader bootstrap                                                                       : 14251K
Loader jdk.internal.loader.ClassLoaders$PlatformClassLoader                            : 1487K
Loader jdk.internal.loader.ClassLoaders$AppClassLoader                                 : 16400B

---------------  S Y S T E M  ---------------

OS:
 Windows 10 , 64 bit Build 19041 (10.0.19041.5794)
OS uptime: 2 days 12:24 hours

CPU: total 8 (initial active 8) (8 cores per cpu, 2 threads per core) family 23 model 104 stepping 1 microcode 0x0, cx8, cmov, fxsr, ht, mmx, 3dnowpref, sse, sse2, sse3, ssse3, sse4a, sse4.1, sse4.2, popcnt, lzcnt, tsc, tscinvbit, avx, avx2, aes, clmul, bmi1, bmi2, adx, sha, fma, vzeroupper, clflush, clflushopt, rdtscp, rdpid, f16c
Processor Information for the first 8 processors :
  Max Mhz: 2600, Current Mhz: 2600, Mhz Limit: 2600

Memory: 4k page, system-wide physical 6005M (718M free)
TotalPageFile size 18805M (AvailPageFile size 2M)
current process WorkingSet (physical memory assigned to process): 72M, peak: 72M
current process commit charge ("private bytes"): 191M, peak: 193M

vm_info: OpenJDK 64-Bit Server VM (21.0.6+-13355223-b631.42) for windows-amd64 JRE (21.0.6+-13355223-b631.42), built on 2025-04-14T18:21:23Z by "builder" with MS VC++ 16.10 / 16.11 (VS2019)

END.
